<?xml version="1.0" encoding="UTF-8"?>
<testsuite name="com.utils.DataReader" tests="1" skipped="0" failures="0" errors="0" timestamp="2018-06-26T17:26:32" hostname="FULL375-PRT.local" time="0.624">
  <properties/>
  <testcase name="createUserSheet" classname="com.utils.DataReader" time="0.624"/>
  <system-out><![CDATA[]]></system-out>
  <system-err><![CDATA[]]></system-err>
</testsuite>
