<?xml version="1.0" encoding="UTF-8"?>
<testsuite name="com.tests.Config" tests="1" skipped="0" failures="0" errors="0" timestamp="2018-06-26T17:26:12" hostname="FULL375-PRT.local" time="17.902">
  <properties/>
  <testcase name="verifyTheFunctionalityOfCustomerProfileCreation" classname="com.tests.Config" time="17.902"/>
  <system-out><![CDATA[1
false
{"firstName":"Testing","lastName":"Jbilling","userEmail":"0utigz_test@mail.com","brandId":"fd335ead-dac3-4ce1-8908-badaae9c0aa0","uniquePin":"fa855374-e82e-4d51-a251-f7aa7254b0f7","serviceAgreement":"90 Days","linkToCRM":"https://dist-sourcetest.appspot.com/crm#account/fa855374-e82e-4d51-a251-f7aa7254b0f7","accountNumber":"7747325991","setUpFee":0,"address":"Addr1","address2":"Addr2","city":"OR","state":"Portland","country":"US","zip":"98343","organizationName":"TEST0utigz","phoneNumber":"0123456789","agentPin":"8943","agentName":"Test_Ab","billingContact1":{"First Name":"Abi","Last Name":"naya","Phone Number":"87673467376","Email":"testing@billing.com"}}
{"zip":"98343","lastName":"Jbilling","country":"US","agentPin":"8943","address":"Addr1","organizationName":"TEST0utigz","address2":"Addr2","city":"OR","agentName":"Test_Ab","accountNumber":"7747325991","uniquePin":"fa855374-e82e-4d51-a251-f7aa7254b0f7","firstName":"Testing","phoneNumber":"0123456789","serviceAgreement":"90 Days","brandId":"fd335ead-dac3-4ce1-8908-badaae9c0aa0","billingContact1":{"Email":"testing@billing.com","First Name":"Abi","Last Name":"naya","Phone Number":"87673467376"},"linkToCRM":"https://dist-sourcetest.appspot.com/crm#account/fa855374-e82e-4d51-a251-f7aa7254b0f7","setUpFee":0,"userEmail":"0utigz_test@mail.com","state":"Portland"}
]]></system-out>
  <system-err><![CDATA[[Test worker] INFO net.serenitybdd.core.Serenity - ?[36m

-------------------------------------------------------------------------------------
     _______. _______ .______       _______ .__   __.  __  .___________.____    ____ 
    /       ||   ____||   _  \     |   ____||  \ |  | |  | |           |\   \  /   / 
   |   (----`|  |__   |  |_)  |    |  |__   |   \|  | |  | `---|  |----` \   \/   /  
    \   \    |   __|  |      /     |   __|  |  . `  | |  |     |  |       \_    _/   
.----)   |   |  |____ |  |\  \----.|  |____ |  |\   | |  |     |  |         |  |     
|_______/    |_______|| _| `._____||_______||__| \__| |__|     |__|         |__|    
                                                                                     
 News and tutorials at http://www.serenity-bdd.info                                  
 Documentation at https://wakaleo.gitbooks.io/the-serenity-book/content/             
 Join the Serenity Community on Rocket Chat at https://serenity-bdd.rocket.chat      
 Serenity BDD Support and Training at http://serenity-bdd.info/#/trainingandsupport  
 Learn Serenity BDD online at http://serenity-dojo.com                               
-------------------------------------------------------------------------------------
?[0m
[Test worker] INFO net.serenitybdd.core.Serenity - Test Suite Started: Config
[Test worker] INFO net.serenitybdd.core.Serenity - 
 _____ _____ ____ _____   ____ _____  _    ____ _____ _____ ____  
|_   _| ____/ ___|_   _| / ___|_   _|/ \  |  _ \_   _| ____|  _ \ 
  | | |  _| \___ \ | |   \___ \ | | / _ \ | |_) || | |  _| | | | |
  | | | |___ ___) || |    ___) || |/ ___ \|  _ < | | | |___| |_| |
  |_| |_____|____/ |_|   |____/ |_/_/   \_\_| \_\|_| |_____|____/ 
                                                                  

TEST STARTED: verifyTheFunctionalityOfCustomerProfileCreation
-------------------------------------------------------------------
[Test worker] INFO net.serenitybdd.core.Serenity - TEST NUMBER: 1
[Test worker] INFO net.serenitybdd.core.Serenity - 
        __    _____ _____ ____ _____   ____   _    ____  ____  _____ ____  
  _     \ \  |_   _| ____/ ___|_   _| |  _ \ / \  / ___|/ ___|| ____|  _ \ 
 (_)_____| |   | | |  _| \___ \ | |   | |_) / _ \ \___ \\___ \|  _| | | | |
  _|_____| |   | | | |___ ___) || |   |  __/ ___ \ ___) |___) | |___| |_| |
 (_)     | |   |_| |_____|____/ |_|   |_| /_/   \_\____/|____/|_____|____/ 
        /_/                                                                

TEST PASSED: Verify the functionality of customer profile creation
----------------------------------------------------------------------------
]]></system-err>
</testsuite>
